nodelist: cn[23,34-38],hd[01-02] Nodes: 8 Tasks: 8 CPUs: 8 MPI: 8 OMP: 1
nodelist: cn[23,34-38],hd[01-02] Nodes: 8 Tasks: 8 CPUs: 8 MPI: 8 OMP: 1
--------------------------------------------------------------------------
An ORTE daemon has unexpectedly failed after launch and before
communicating back to mpirun. This could be caused by a number
of factors, including an inability to create a connection back
to mpirun due to a lack of common network interfaces and/or no
route found between them. Please check network connectivity
(including firewalls and network routing requirements).
--------------------------------------------------------------------------
--------------------------------------------------------------------------
An ORTE daemon has unexpectedly failed after launch and before
communicating back to mpirun. This could be caused by a number
of factors, including an inability to create a connection back
to mpirun due to a lack of common network interfaces and/or no
route found between them. Please check network connectivity
(including firewalls and network routing requirements).
--------------------------------------------------------------------------
real 0.14
user 0.01
sys 0.06
real 0.14
user 0.01
sys 0.06
