nodelist: cn[22,34-38],hd[01-02] Nodes: 8 Tasks: 8 CPUs: 8 MPI: 8 OMP: 2
nodelist: cn[22-23,28-29,41-42],hd[01-02] Nodes: 8 Tasks: 8 CPUs: 8 MPI: 8 OMP: 2
nodelist: cn[28-30,34-36],hd[01-02] Nodes: 8 Tasks: 8 CPUs: 8 MPI: 8 OMP: 2
--------------------------------------------------------------------------
An ORTE daemon has unexpectedly failed after launch and before
communicating back to mpirun. This could be caused by a number
of factors, including an inability to create a connection back
to mpirun due to a lack of common network interfaces and/or no
route found between them. Please check network connectivity
(including firewalls and network routing requirements).
--------------------------------------------------------------------------
--------------------------------------------------------------------------
An ORTE daemon has unexpectedly failed after launch and before
communicating back to mpirun. This could be caused by a number
of factors, including an inability to create a connection back
to mpirun due to a lack of common network interfaces and/or no
route found between them. Please check network connectivity
(including firewalls and network routing requirements).
--------------------------------------------------------------------------
real 0.11
user 0.01
sys 0.04
real 0.13
user 0.01
sys 0.04
--------------------------------------------------------------------------
An ORTE daemon has unexpectedly failed after launch and before
communicating back to mpirun. This could be caused by a number
of factors, including an inability to create a connection back
to mpirun due to a lack of common network interfaces and/or no
route found between them. Please check network connectivity
(including firewalls and network routing requirements).
--------------------------------------------------------------------------
real 0.14
user 0.02
sys 0.03
